<?xml version="1.0" encoding="UTF-8"?>
<testng-results ignored="0" total="1" passed="1" failed="0" skipped="0">
  <reporter-output>
  </reporter-output>
  <suite started-at="2020-07-27T18:44:24 IST" name="Default suite" finished-at="2020-07-27T18:45:20 IST" duration-ms="56096">
    <groups>
    </groups>
    <test started-at="2020-07-27T18:44:24 IST" name="Default test" finished-at="2020-07-27T18:45:20 IST" duration-ms="56096">
      <class name="Test1">
        <test-method signature="testCaseVerifyItemInCart()[pri:0, instance:Test1@4f638935]" started-at="2020-07-27T18:44:24 IST" name="testCaseVerifyItemInCart" finished-at="2020-07-27T18:45:20 IST" duration-ms="56025" status="PASS">
          <reporter-output>
          </reporter-output>
        </test-method> <!-- testCaseVerifyItemInCart -->
      </class> <!-- Test1 -->
    </test> <!-- Default test -->
  </suite> <!-- Default suite -->
</testng-results>
